
Hooking System Events proccess.
Looking for open windows.
Found matching titled window: Brief Interviews with Hideous Men
returning 1

Hooking System Events proccess.
Looking for open windows.
Found matching titled window: Brief Interviews with Hideous Men
returning 1

Hooking System Events proccess.
Looking for open windows.
Found matching titled window: Brief Interviews with Hideous Men
returning 1

Hooking System Events proccess.
Looking for open windows.
Found matching titled window: Brief Interviews with Hideous Men
returning 1

Hooking System Events proccess.
Looking for open windows.
Found matching titled window: Brief Interviews with Hideous Men
returning 1

Hooking System Events proccess.
Looking for open windows.
Found matching titled window: Brief Interviews with Hideous Men
returning 1

Hooking System Events proccess.
Looking for open windows.
Found matching titled window: Brief Interviews with Hideous Men
returning 1

Hooking System Events proccess.
Looking for open windows.
Found matching titled window: Brief Interviews with Hideous Men
returning 1

Hooking System Events proccess.
Looking for open windows.
Found matching titled window: Brief Interviews with Hideous Men
returning 1

Hooking System Events proccess.
Looking for open windows.
Found matching titled window: Brief Interviews with Hideous Men
returning 1

Hooking System Events proccess.
Looking for open windows.
Found matching titled window: Brief Interviews with Hideous Men
returning 1

Hooking System Events proccess.
Looking for open windows.
Found matching titled window: Brief Interviews with Hideous Men
returning 1

Hooking System Events proccess.
Looking for open windows.
Found matching titled window: Brief Interviews with Hideous Men
returning 1

Hooking System Events proccess.
Looking for open windows.
Found matching titled window: Brief Interviews with Hideous Men
returning 1

Hooking System Events proccess.
Looking for open windows.
Found matching titled window: Brief Interviews with Hideous Men
returning 1

Attempt 1 failed: Command failed: /usr/bin/osascript -l JavaScript
execution error: Error: Error: Invalid index. (-1719)

Hooking System Events proccess.
Looking for open windows.
Found matching titled window: Brief Interviews with Hideous Men
returning 1

